{"meta": {"format": 3, "version": "7.6.3", "timestamp": "2024-10-20T15:17:55.959254", "branch_coverage": false, "show_contexts": false}, "files": {"credit_rate_limit/__init__.py": {"executed_lines": [1, 8], "summary": {"covered_lines": 2, "num_statements": 2, "percent_covered": 100.0, "percent_covered_display": "100", "missing_lines": 0, "excluded_lines": 0}, "missing_lines": [], "excluded_lines": [], "functions": {"": {"executed_lines": [1, 8], "summary": {"covered_lines": 2, "num_statements": 2, "percent_covered": 100.0, "percent_covered_display": "100", "missing_lines": 0, "excluded_lines": 0}, "missing_lines": [], "excluded_lines": []}}, "classes": {"": {"executed_lines": [1, 8], "summary": {"covered_lines": 2, "num_statements": 2, "percent_covered": 100.0, "percent_covered_display": "100", "missing_lines": 0, "excluded_lines": 0}, "missing_lines": [], "excluded_lines": []}}}, "credit_rate_limit/rate_limiter.py": {"executed_lines": [1, 9, 10, 11, 12, 13, 19, 22, 25, 26, 27, 28, 29, 30, 31, 34, 35, 36, 37, 39, 41, 42, 43, 44, 48, 49, 50, 52, 53, 54, 56, 57, 58, 59, 65, 66, 74, 82, 83, 86, 87, 95, 96, 97, 98, 99, 101, 102, 103, 104, 107, 109, 110, 111, 113, 114, 115, 118, 121, 122, 125, 126, 127, 128, 129, 130, 131, 132, 135, 136, 137, 138, 139, 140, 141, 142, 145, 146, 147, 148, 149, 150, 151, 154, 155, 156, 159, 160, 161, 162, 163, 164, 165, 166, 167, 168, 171, 183, 184, 185, 187, 191, 192, 193, 197, 198, 199, 200, 202, 204], "summary": {"covered_lines": 109, "num_statements": 109, "percent_covered": 100.0, "percent_covered_display": "100", "missing_lines": 0, "excluded_lines": 0}, "missing_lines": [], "excluded_lines": [], "functions": {"CreditContextManager.__init__": {"executed_lines": [36, 37], "summary": {"covered_lines": 2, "num_statements": 2, "percent_covered": 100.0, "percent_covered_display": "100", "missing_lines": 0, "excluded_lines": 0}, "missing_lines": [], "excluded_lines": []}, "CreditContextManager.__aenter__": {"executed_lines": [41, 42, 43, 44, 48, 49, 50], "summary": {"covered_lines": 7, "num_statements": 7, "percent_covered": 100.0, "percent_covered_display": "100", "missing_lines": 0, "excluded_lines": 0}, "missing_lines": [], "excluded_lines": []}, "CreditContextManager.__aexit__": {"executed_lines": [53, 54], "summary": {"covered_lines": 2, "num_statements": 2, "percent_covered": 100.0, "percent_covered_display": "100", "missing_lines": 0, "excluded_lines": 0}, "missing_lines": [], "excluded_lines": []}, "CreditContextManager.release_credits": {"executed_lines": [57, 58, 59], "summary": {"covered_lines": 3, "num_statements": 3, "percent_covered": 100.0, "percent_covered_display": "100", "missing_lines": 0, "excluded_lines": 0}, "missing_lines": [], "excluded_lines": []}, "CreditRateLimiter.__init__": {"executed_lines": [74], "summary": {"covered_lines": 1, "num_statements": 1, "percent_covered": 100.0, "percent_covered_display": "100", "missing_lines": 0, "excluded_lines": 0}, "missing_lines": [], "excluded_lines": []}, "CreditRateLimiter.__call__": {"executed_lines": [83], "summary": {"covered_lines": 1, "num_statements": 1, "percent_covered": 100.0, "percent_covered_display": "100", "missing_lines": 0, "excluded_lines": 0}, "missing_lines": [], "excluded_lines": []}, "CountRateLimiter.__init__": {"executed_lines": [95, 96, 97, 98, 99], "summary": {"covered_lines": 5, "num_statements": 5, "percent_covered": 100.0, "percent_covered_display": "100", "missing_lines": 0, "excluded_lines": 0}, "missing_lines": [], "excluded_lines": []}, "CountRateLimiter.__aenter__": {"executed_lines": [102, 103, 104, 107], "summary": {"covered_lines": 4, "num_statements": 4, "percent_covered": 100.0, "percent_covered_display": "100", "missing_lines": 0, "excluded_lines": 0}, "missing_lines": [], "excluded_lines": []}, "CountRateLimiter.__aexit__": {"executed_lines": [110, 111], "summary": {"covered_lines": 2, "num_statements": 2, "percent_covered": 100.0, "percent_covered_display": "100", "missing_lines": 0, "excluded_lines": 0}, "missing_lines": [], "excluded_lines": []}, "CountRateLimiter.release_semaphore": {"executed_lines": [114, 115, 118], "summary": {"covered_lines": 3, "num_statements": 3, "percent_covered": 100.0, "percent_covered_display": "100", "missing_lines": 0, "excluded_lines": 0}, "missing_lines": [], "excluded_lines": []}, "DecoratedSignature.__call__": {"executed_lines": [122], "summary": {"covered_lines": 1, "num_statements": 1, "percent_covered": 100.0, "percent_covered_display": "100", "missing_lines": 0, "excluded_lines": 0}, "missing_lines": [], "excluded_lines": []}, "credit_rate_limit": {"executed_lines": [126, 127, 132], "summary": {"covered_lines": 3, "num_statements": 3, "percent_covered": 100.0, "percent_covered_display": "100", "missing_lines": 0, "excluded_lines": 0}, "missing_lines": [], "excluded_lines": []}, "credit_rate_limit.decorator": {"executed_lines": [128, 131], "summary": {"covered_lines": 2, "num_statements": 2, "percent_covered": 100.0, "percent_covered_display": "100", "missing_lines": 0, "excluded_lines": 0}, "missing_lines": [], "excluded_lines": []}, "credit_rate_limit.decorator.wrapper": {"executed_lines": [129, 130], "summary": {"covered_lines": 2, "num_statements": 2, "percent_covered": 100.0, "percent_covered_display": "100", "missing_lines": 0, "excluded_lines": 0}, "missing_lines": [], "excluded_lines": []}, "count_rate_limit": {"executed_lines": [136, 137, 142], "summary": {"covered_lines": 3, "num_statements": 3, "percent_covered": 100.0, "percent_covered_display": "100", "missing_lines": 0, "excluded_lines": 0}, "missing_lines": [], "excluded_lines": []}, "count_rate_limit.decorator": {"executed_lines": [138, 141], "summary": {"covered_lines": 2, "num_statements": 2, "percent_covered": 100.0, "percent_covered_display": "100", "missing_lines": 0, "excluded_lines": 0}, "missing_lines": [], "excluded_lines": []}, "count_rate_limit.decorator.wrapper": {"executed_lines": [139, 140], "summary": {"covered_lines": 2, "num_statements": 2, "percent_covered": 100.0, "percent_covered_display": "100", "missing_lines": 0, "excluded_lines": 0}, "missing_lines": [], "excluded_lines": []}, "credit_rate_limit_with_attribute": {"executed_lines": [146, 147, 156], "summary": {"covered_lines": 3, "num_statements": 3, "percent_covered": 100.0, "percent_covered_display": "100", "missing_lines": 0, "excluded_lines": 0}, "missing_lines": [], "excluded_lines": []}, "credit_rate_limit_with_attribute.decorator": {"executed_lines": [148, 155], "summary": {"covered_lines": 2, "num_statements": 2, "percent_covered": 100.0, "percent_covered_display": "100", "missing_lines": 0, "excluded_lines": 0}, "missing_lines": [], "excluded_lines": []}, "credit_rate_limit_with_attribute.decorator.wrapper": {"executed_lines": [149, 150, 151, 154], "summary": {"covered_lines": 4, "num_statements": 4, "percent_covered": 100.0, "percent_covered_display": "100", "missing_lines": 0, "excluded_lines": 0}, "missing_lines": [], "excluded_lines": []}, "count_rate_limit_with_attribute": {"executed_lines": [160, 161, 168], "summary": {"covered_lines": 3, "num_statements": 3, "percent_covered": 100.0, "percent_covered_display": "100", "missing_lines": 0, "excluded_lines": 0}, "missing_lines": [], "excluded_lines": []}, "count_rate_limit_with_attribute.decorator": {"executed_lines": [162, 167], "summary": {"covered_lines": 2, "num_statements": 2, "percent_covered": 100.0, "percent_covered_display": "100", "missing_lines": 0, "excluded_lines": 0}, "missing_lines": [], "excluded_lines": []}, "count_rate_limit_with_attribute.decorator.wrapper": {"executed_lines": [163, 164, 165, 166], "summary": {"covered_lines": 4, "num_statements": 4, "percent_covered": 100.0, "percent_covered_display": "100", "missing_lines": 0, "excluded_lines": 0}, "missing_lines": [], "excluded_lines": []}, "throughput": {"executed_lines": [183, 184, 185, 187, 191, 192, 193, 197, 198, 199, 200, 202, 204], "summary": {"covered_lines": 13, "num_statements": 13, "percent_covered": 100.0, "percent_covered_display": "100", "missing_lines": 0, "excluded_lines": 0}, "missing_lines": [], "excluded_lines": []}, "": {"executed_lines": [1, 9, 10, 11, 12, 13, 19, 22, 25, 26, 27, 28, 29, 30, 31, 34, 35, 39, 52, 56, 65, 66, 82, 86, 87, 101, 109, 113, 121, 125, 135, 145, 159, 171], "summary": {"covered_lines": 33, "num_statements": 33, "percent_covered": 100.0, "percent_covered_display": "100", "missing_lines": 0, "excluded_lines": 0}, "missing_lines": [], "excluded_lines": []}}, "classes": {"CreditState": {"executed_lines": [], "summary": {"covered_lines": 0, "num_statements": 0, "percent_covered": 100.0, "percent_covered_display": "100", "missing_lines": 0, "excluded_lines": 0}, "missing_lines": [], "excluded_lines": []}, "CreditContextManager": {"executed_lines": [36, 37, 41, 42, 43, 44, 48, 49, 50, 53, 54, 57, 58, 59], "summary": {"covered_lines": 14, "num_statements": 14, "percent_covered": 100.0, "percent_covered_display": "100", "missing_lines": 0, "excluded_lines": 0}, "missing_lines": [], "excluded_lines": []}, "CreditRateLimiter": {"executed_lines": [74, 83], "summary": {"covered_lines": 2, "num_statements": 2, "percent_covered": 100.0, "percent_covered_display": "100", "missing_lines": 0, "excluded_lines": 0}, "missing_lines": [], "excluded_lines": []}, "CountRateLimiter": {"executed_lines": [95, 96, 97, 98, 99, 102, 103, 104, 107, 110, 111, 114, 115, 118], "summary": {"covered_lines": 14, "num_statements": 14, "percent_covered": 100.0, "percent_covered_display": "100", "missing_lines": 0, "excluded_lines": 0}, "missing_lines": [], "excluded_lines": []}, "DecoratedSignature": {"executed_lines": [122], "summary": {"covered_lines": 1, "num_statements": 1, "percent_covered": 100.0, "percent_covered_display": "100", "missing_lines": 0, "excluded_lines": 0}, "missing_lines": [], "excluded_lines": []}, "": {"executed_lines": [1, 9, 10, 11, 12, 13, 19, 22, 25, 26, 27, 28, 29, 30, 31, 34, 35, 39, 52, 56, 65, 66, 82, 86, 87, 101, 109, 113, 121, 125, 126, 127, 128, 129, 130, 131, 132, 135, 136, 137, 138, 139, 140, 141, 142, 145, 146, 147, 148, 149, 150, 151, 154, 155, 156, 159, 160, 161, 162, 163, 164, 165, 166, 167, 168, 171, 183, 184, 185, 187, 191, 192, 193, 197, 198, 199, 200, 202, 204], "summary": {"covered_lines": 78, "num_statements": 78, "percent_covered": 100.0, "percent_covered_display": "100", "missing_lines": 0, "excluded_lines": 0}, "missing_lines": [], "excluded_lines": []}}}, "tests/__init__.py": {"executed_lines": [1], "summary": {"covered_lines": 0, "num_statements": 0, "percent_covered": 100.0, "percent_covered_display": "100", "missing_lines": 0, "excluded_lines": 0}, "missing_lines": [], "excluded_lines": [], "functions": {"": {"executed_lines": [], "summary": {"covered_lines": 0, "num_statements": 0, "percent_covered": 100.0, "percent_covered_display": "100", "missing_lines": 0, "excluded_lines": 0}, "missing_lines": [], "excluded_lines": []}}, "classes": {"": {"executed_lines": [], "summary": {"covered_lines": 0, "num_statements": 0, "percent_covered": 100.0, "percent_covered_display": "100", "missing_lines": 0, "excluded_lines": 0}, "missing_lines": [], "excluded_lines": []}}}, "tests/test_rate_limiter.py": {"executed_lines": [1, 2, 3, 5, 7, 12, 18, 26, 27, 28, 31, 32, 33, 35, 36, 37, 38, 39, 40, 42, 43, 46, 54, 55, 56, 59, 60, 61, 63, 64, 65, 66, 67, 68, 70, 71, 73, 74, 77, 78, 79, 80, 83, 84, 85, 87, 88, 91, 92, 93, 94, 95, 96, 97, 99, 100, 103, 104, 105, 106, 109, 110, 111, 113, 114, 117, 118, 119, 120, 121, 122, 123, 125, 126, 129, 130, 131, 133, 134, 136, 137, 139, 140, 142, 143, 145, 146], "summary": {"covered_lines": 87, "num_statements": 87, "percent_covered": 100.0, "percent_covered_display": "100", "missing_lines": 0, "excluded_lines": 2}, "missing_lines": [], "excluded_lines": [89, 115], "functions": {"test_rate_limiter": {"executed_lines": [27, 28, 31, 32, 35, 36, 37, 38, 39, 40, 42, 43], "summary": {"covered_lines": 12, "num_statements": 12, "percent_covered": 100.0, "percent_covered_display": "100", "missing_lines": 0, "excluded_lines": 0}, "missing_lines": [], "excluded_lines": []}, "test_rate_limiter.simulate_api_call": {"executed_lines": [33], "summary": {"covered_lines": 1, "num_statements": 1, "percent_covered": 100.0, "percent_covered_display": "100", "missing_lines": 0, "excluded_lines": 0}, "missing_lines": [], "excluded_lines": []}, "test_credit_rate_limiter": {"executed_lines": [55, 56, 59, 60, 63, 64, 65, 66, 67, 68, 70, 71, 73, 74], "summary": {"covered_lines": 14, "num_statements": 14, "percent_covered": 100.0, "percent_covered_display": "100", "missing_lines": 0, "excluded_lines": 0}, "missing_lines": [], "excluded_lines": []}, "test_credit_rate_limiter.simulate_api_call": {"executed_lines": [61], "summary": {"covered_lines": 1, "num_statements": 1, "percent_covered": 100.0, "percent_covered_display": "100", "missing_lines": 0, "excluded_lines": 0}, "missing_lines": [], "excluded_lines": []}, "test_attribute_credit_rate_limiter": {"executed_lines": [78, 79, 83, 84, 87, 88, 91, 92, 93, 94, 95, 96, 97, 99, 100], "summary": {"covered_lines": 15, "num_statements": 15, "percent_covered": 100.0, "percent_covered_display": "100", "missing_lines": 0, "excluded_lines": 0}, "missing_lines": [], "excluded_lines": []}, "test_attribute_credit_rate_limiter.MyClass.__init__": {"executed_lines": [80], "summary": {"covered_lines": 1, "num_statements": 1, "percent_covered": 100.0, "percent_covered_display": "100", "missing_lines": 0, "excluded_lines": 0}, "missing_lines": [], "excluded_lines": []}, "test_attribute_credit_rate_limiter.MyClass.simulate_api_call": {"executed_lines": [85], "summary": {"covered_lines": 1, "num_statements": 1, "percent_covered": 100.0, "percent_covered_display": "100", "missing_lines": 0, "excluded_lines": 0}, "missing_lines": [], "excluded_lines": []}, "test_attribute_credit_rate_limiter.MyClass.simulate_api_call_wrong_rate_limiter": {"executed_lines": [], "summary": {"covered_lines": 0, "num_statements": 0, "percent_covered": 100.0, "percent_covered_display": "100", "missing_lines": 0, "excluded_lines": 1}, "missing_lines": [], "excluded_lines": [89]}, "test_attribute_rate_limiter": {"executed_lines": [104, 105, 109, 110, 113, 114, 117, 118, 119, 120, 121, 122, 123, 125, 126], "summary": {"covered_lines": 15, "num_statements": 15, "percent_covered": 100.0, "percent_covered_display": "100", "missing_lines": 0, "excluded_lines": 0}, "missing_lines": [], "excluded_lines": []}, "test_attribute_rate_limiter.MyClass.__init__": {"executed_lines": [106], "summary": {"covered_lines": 1, "num_statements": 1, "percent_covered": 100.0, "percent_covered_display": "100", "missing_lines": 0, "excluded_lines": 0}, "missing_lines": [], "excluded_lines": []}, "test_attribute_rate_limiter.MyClass.simulate_api_call": {"executed_lines": [111], "summary": {"covered_lines": 1, "num_statements": 1, "percent_covered": 100.0, "percent_covered_display": "100", "missing_lines": 0, "excluded_lines": 0}, "missing_lines": [], "excluded_lines": []}, "test_attribute_rate_limiter.MyClass.simulate_api_call_wrong_rate_limiter": {"executed_lines": [], "summary": {"covered_lines": 0, "num_statements": 0, "percent_covered": 100.0, "percent_covered_display": "100", "missing_lines": 0, "excluded_lines": 1}, "missing_lines": [], "excluded_lines": [115]}, "test_exceptions": {"executed_lines": [130, 131, 133, 134, 136, 137, 139, 140, 142, 143, 145, 146], "summary": {"covered_lines": 12, "num_statements": 12, "percent_covered": 100.0, "percent_covered_display": "100", "missing_lines": 0, "excluded_lines": 0}, "missing_lines": [], "excluded_lines": []}, "": {"executed_lines": [1, 2, 3, 5, 7, 12, 18, 26, 46, 54, 77, 103, 129], "summary": {"covered_lines": 13, "num_statements": 13, "percent_covered": 100.0, "percent_covered_display": "100", "missing_lines": 0, "excluded_lines": 0}, "missing_lines": [], "excluded_lines": []}}, "classes": {"test_attribute_credit_rate_limiter.MyClass": {"executed_lines": [80, 85], "summary": {"covered_lines": 2, "num_statements": 2, "percent_covered": 100.0, "percent_covered_display": "100", "missing_lines": 0, "excluded_lines": 1}, "missing_lines": [], "excluded_lines": [89]}, "test_attribute_rate_limiter.MyClass": {"executed_lines": [106, 111], "summary": {"covered_lines": 2, "num_statements": 2, "percent_covered": 100.0, "percent_covered_display": "100", "missing_lines": 0, "excluded_lines": 1}, "missing_lines": [], "excluded_lines": [115]}, "": {"executed_lines": [1, 2, 3, 5, 7, 12, 18, 26, 27, 28, 31, 32, 33, 35, 36, 37, 38, 39, 40, 42, 43, 46, 54, 55, 56, 59, 60, 61, 63, 64, 65, 66, 67, 68, 70, 71, 73, 74, 77, 78, 79, 83, 84, 87, 88, 91, 92, 93, 94, 95, 96, 97, 99, 100, 103, 104, 105, 109, 110, 113, 114, 117, 118, 119, 120, 121, 122, 123, 125, 126, 129, 130, 131, 133, 134, 136, 137, 139, 140, 142, 143, 145, 146], "summary": {"covered_lines": 83, "num_statements": 83, "percent_covered": 100.0, "percent_covered_display": "100", "missing_lines": 0, "excluded_lines": 0}, "missing_lines": [], "excluded_lines": []}}}}, "totals": {"covered_lines": 198, "num_statements": 198, "percent_covered": 100.0, "percent_covered_display": "100", "missing_lines": 0, "excluded_lines": 2}}